2023-04-19 12:43:34 INFO  Log:18 - **********************************
2023-04-19 12:43:34 INFO  Log:19 - *****************************************
2023-04-19 12:43:34 INFO  Log:20 - ############   This is beginning of test case ################
2023-04-19 12:43:34 INFO  Log:21 - **********************************
2023-04-19 12:43:34 INFO  Log:22 - *****************************************
2023-04-19 12:43:34 INFO  Log:35 - My login test is going on
2023-04-19 12:43:34 INFO  Log:38 - My test case might be failed
2023-04-19 12:43:42 INFO  Log:35 - My test case is about to complete
2023-04-19 12:43:42 INFO  Log:26 - ##################################
2023-04-19 12:43:42 INFO  Log:27 - ##########################################
2023-04-19 12:43:42 INFO  Log:28 - ############   This test case is finished ################
2023-04-19 12:43:42 INFO  Log:29 - ##########################
2023-04-19 12:43:42 INFO  Log:30 - ##########################################
2023-04-19 12:43:43 INFO  Log:18 - **********************************
2023-04-19 12:43:43 INFO  Log:19 - *****************************************
2023-04-19 12:43:43 INFO  Log:20 - ############   This is beginning of test case ################
2023-04-19 12:43:43 INFO  Log:21 - **********************************
2023-04-19 12:43:43 INFO  Log:22 - *****************************************
2023-04-19 12:43:43 INFO  Log:35 - My login test is going on
2023-04-19 12:43:43 INFO  Log:38 - My test case might be failed
2023-04-19 12:43:45 INFO  Log:35 - My test case is about to complete
2023-04-19 12:43:45 INFO  Log:26 - ##################################
2023-04-19 12:43:45 INFO  Log:27 - ##########################################
2023-04-19 12:43:45 INFO  Log:28 - ############   This test case is finished ################
2023-04-19 12:43:45 INFO  Log:29 - ##########################
2023-04-19 12:43:45 INFO  Log:30 - ##########################################
2023-04-19 17:43:07 INFO  Log:18 - **********************************
2023-04-19 17:43:07 INFO  Log:19 - *****************************************
2023-04-19 17:43:07 INFO  Log:20 - ############   This is beginning of test case ################
2023-04-19 17:43:07 INFO  Log:21 - **********************************
2023-04-19 17:43:07 INFO  Log:22 - *****************************************
2023-04-19 17:43:07 INFO  Log:35 - My login test is going on
2023-04-19 17:43:07 INFO  Log:38 - My test case might be failed
2023-04-19 17:43:15 INFO  Log:35 - My test case is about to complete
2023-04-19 17:43:15 INFO  Log:26 - ##################################
2023-04-19 17:43:15 INFO  Log:27 - ##########################################
2023-04-19 17:43:15 INFO  Log:28 - ############   This test case is finished ################
2023-04-19 17:43:15 INFO  Log:29 - ##########################
2023-04-19 17:43:15 INFO  Log:30 - ##########################################
2023-04-19 17:43:17 INFO  Log:18 - **********************************
2023-04-19 17:43:17 INFO  Log:19 - *****************************************
2023-04-19 17:43:17 INFO  Log:20 - ############   This is beginning of test case ################
2023-04-19 17:43:17 INFO  Log:21 - **********************************
2023-04-19 17:43:17 INFO  Log:22 - *****************************************
2023-04-19 17:43:17 INFO  Log:35 - My login test is going on
2023-04-19 17:43:17 INFO  Log:38 - My test case might be failed
2023-04-19 17:43:19 INFO  Log:35 - My test case is about to complete
2023-04-19 17:43:19 INFO  Log:26 - ##################################
2023-04-19 17:43:19 INFO  Log:27 - ##########################################
2023-04-19 17:43:19 INFO  Log:28 - ############   This test case is finished ################
2023-04-19 17:43:19 INFO  Log:29 - ##########################
2023-04-19 17:43:19 INFO  Log:30 - ##########################################
2023-04-23 11:08:01 INFO  Log:18 - **********************************
2023-04-23 11:08:01 INFO  Log:19 - *****************************************
2023-04-23 11:08:01 INFO  Log:20 - ############   This is beginning of test case ################
2023-04-23 11:08:01 INFO  Log:21 - **********************************
2023-04-23 11:08:01 INFO  Log:22 - *****************************************
2023-04-23 11:08:01 INFO  Log:35 - My login test is going on
2023-04-23 11:08:01 INFO  Log:38 - My test case might be failed
2023-04-23 11:08:09 INFO  Log:35 - My test case is about to complete
2023-04-23 11:08:09 INFO  Log:26 - ##################################
2023-04-23 11:08:09 INFO  Log:27 - ##########################################
2023-04-23 11:08:09 INFO  Log:28 - ############   This test case is finished ################
2023-04-23 11:08:09 INFO  Log:29 - ##########################
2023-04-23 11:08:09 INFO  Log:30 - ##########################################
2023-04-23 11:08:11 INFO  Log:18 - **********************************
2023-04-23 11:08:11 INFO  Log:19 - *****************************************
2023-04-23 11:08:11 INFO  Log:20 - ############   This is beginning of test case ################
2023-04-23 11:08:11 INFO  Log:21 - **********************************
2023-04-23 11:08:11 INFO  Log:22 - *****************************************
2023-04-23 11:08:11 INFO  Log:35 - My login test is going on
2023-04-23 11:08:11 INFO  Log:38 - My test case might be failed
2023-04-23 11:08:13 INFO  Log:35 - My test case is about to complete
2023-04-23 11:08:13 INFO  Log:26 - ##################################
2023-04-23 11:08:13 INFO  Log:27 - ##########################################
2023-04-23 11:08:13 INFO  Log:28 - ############   This test case is finished ################
2023-04-23 11:08:13 INFO  Log:29 - ##########################
2023-04-23 11:08:13 INFO  Log:30 - ##########################################
2023-04-23 21:11:24 INFO  Log:18 - **********************************
2023-04-23 21:11:24 INFO  Log:19 - *****************************************
2023-04-23 21:11:24 INFO  Log:20 - ############   This is beginning of test case ################
2023-04-23 21:11:24 INFO  Log:21 - **********************************
2023-04-23 21:11:24 INFO  Log:22 - *****************************************
2023-04-23 21:11:24 INFO  Log:35 - My login test is going on
2023-04-23 21:11:24 INFO  Log:38 - My test case might be failed
2023-04-23 21:11:40 INFO  Log:35 - My test case is about to complete
2023-04-23 21:11:40 INFO  Log:26 - ##################################
2023-04-23 21:11:40 INFO  Log:27 - ##########################################
2023-04-23 21:11:40 INFO  Log:28 - ############   This test case is finished ################
2023-04-23 21:11:40 INFO  Log:29 - ##########################
2023-04-23 21:11:40 INFO  Log:30 - ##########################################
2023-04-23 21:11:42 INFO  Log:18 - **********************************
2023-04-23 21:11:42 INFO  Log:19 - *****************************************
2023-04-23 21:11:42 INFO  Log:20 - ############   This is beginning of test case ################
2023-04-23 21:11:42 INFO  Log:21 - **********************************
2023-04-23 21:11:42 INFO  Log:22 - *****************************************
2023-04-23 21:11:42 INFO  Log:35 - My login test is going on
2023-04-23 21:11:42 INFO  Log:38 - My test case might be failed
2023-04-23 21:12:15 INFO  Log:35 - My test case is about to complete
2023-04-23 21:12:15 INFO  Log:26 - ##################################
2023-04-23 21:12:15 INFO  Log:27 - ##########################################
2023-04-23 21:12:15 INFO  Log:28 - ############   This test case is finished ################
2023-04-23 21:12:15 INFO  Log:29 - ##########################
2023-04-23 21:12:15 INFO  Log:30 - ##########################################
2023-04-23 21:12:16 INFO  Log:18 - **********************************
2023-04-23 21:12:16 INFO  Log:19 - *****************************************
2023-04-23 21:12:16 INFO  Log:20 - ############   This is beginning of test case ################
2023-04-23 21:12:16 INFO  Log:21 - **********************************
2023-04-23 21:12:16 INFO  Log:22 - *****************************************
2023-04-23 21:12:16 INFO  Log:35 - My login test is going on
2023-04-23 21:12:16 INFO  Log:38 - My test case might be failed
2023-04-23 21:12:23 INFO  Log:35 - My test case is about to complete
2023-04-23 21:12:23 INFO  Log:26 - ##################################
2023-04-23 21:12:23 INFO  Log:27 - ##########################################
2023-04-23 21:12:23 INFO  Log:28 - ############   This test case is finished ################
2023-04-23 21:12:23 INFO  Log:29 - ##########################
2023-04-23 21:12:23 INFO  Log:30 - ##########################################
2023-04-23 21:13:46 INFO  Log:18 - **********************************
2023-04-23 21:13:46 INFO  Log:19 - *****************************************
2023-04-23 21:13:46 INFO  Log:20 - ############   This is beginning of test case ################
2023-04-23 21:13:46 INFO  Log:21 - **********************************
2023-04-23 21:13:46 INFO  Log:22 - *****************************************
2023-04-23 21:13:46 INFO  Log:35 - My login test is going on
2023-04-23 21:13:46 INFO  Log:38 - My test case might be failed
2023-04-23 21:13:52 INFO  Log:35 - My test case is about to complete
2023-04-23 21:13:52 INFO  Log:26 - ##################################
2023-04-23 21:13:52 INFO  Log:27 - ##########################################
2023-04-23 21:13:52 INFO  Log:28 - ############   This test case is finished ################
2023-04-23 21:13:52 INFO  Log:29 - ##########################
2023-04-23 21:13:52 INFO  Log:30 - ##########################################
2023-04-23 21:16:48 INFO  Log:18 - **********************************
2023-04-23 21:16:48 INFO  Log:19 - *****************************************
2023-04-23 21:16:48 INFO  Log:20 - ############   This is beginning of test case ################
2023-04-23 21:16:48 INFO  Log:21 - **********************************
2023-04-23 21:16:48 INFO  Log:22 - *****************************************
2023-04-23 21:16:48 INFO  Log:35 - My login test is going on
2023-04-23 21:16:48 INFO  Log:38 - My test case might be failed
2023-04-23 21:24:09 INFO  Log:18 - **********************************
2023-04-23 21:24:09 INFO  Log:19 - *****************************************
2023-04-23 21:24:09 INFO  Log:20 - ############   This is beginning of test case ################
2023-04-23 21:24:09 INFO  Log:21 - **********************************
2023-04-23 21:24:09 INFO  Log:22 - *****************************************
2023-04-23 21:24:09 INFO  Log:35 - My login test is going on
2023-04-23 21:24:09 INFO  Log:38 - My test case might be failed
2023-05-13 12:54:54 INFO  Log:18 - **********************************
2023-05-13 12:54:54 INFO  Log:19 - *****************************************
2023-05-13 12:54:54 INFO  Log:20 - ############   This is beginning of test case ################
2023-05-13 12:54:54 INFO  Log:21 - **********************************
2023-05-13 12:54:54 INFO  Log:22 - *****************************************
2023-05-13 12:54:54 INFO  Log:35 - My login test is going on
2023-05-13 12:54:54 INFO  Log:38 - My test case might be failed
2023-05-13 13:26:55 INFO  Log:18 - **********************************
2023-05-13 13:26:55 INFO  Log:19 - *****************************************
2023-05-13 13:26:55 INFO  Log:20 - ############   This is beginning of test case ################
2023-05-13 13:26:55 INFO  Log:21 - **********************************
2023-05-13 13:26:55 INFO  Log:22 - *****************************************
2023-05-13 13:26:55 INFO  Log:35 - My login test is going on
2023-05-13 13:26:55 INFO  Log:38 - My test case might be failed
2023-05-13 13:31:00 INFO  Log:18 - **********************************
2023-05-13 13:31:00 INFO  Log:19 - *****************************************
2023-05-13 13:31:00 INFO  Log:20 - ############   This is beginning of test case ################
2023-05-13 13:31:00 INFO  Log:21 - **********************************
2023-05-13 13:31:00 INFO  Log:22 - *****************************************
2023-05-13 13:31:00 INFO  Log:35 - My login test is going on
2023-05-13 13:31:00 INFO  Log:38 - My test case might be failed
2023-05-13 13:51:18 INFO  Log:18 - **********************************
2023-05-13 13:51:18 INFO  Log:19 - *****************************************
2023-05-13 13:51:18 INFO  Log:20 - ############   This is beginning of test case ################
2023-05-13 13:51:18 INFO  Log:21 - **********************************
2023-05-13 13:51:18 INFO  Log:22 - *****************************************
2023-05-13 13:51:18 INFO  Log:35 - My login test is going on
2023-05-13 13:51:18 INFO  Log:38 - My test case might be failed
2023-05-13 17:35:41 INFO  Log:18 - **********************************
2023-05-13 17:35:41 INFO  Log:19 - *****************************************
2023-05-13 17:35:41 INFO  Log:20 - ############   This is beginning of test case ################
2023-05-13 17:35:41 INFO  Log:21 - **********************************
2023-05-13 17:35:41 INFO  Log:22 - *****************************************
2023-05-13 17:35:41 INFO  Log:35 - My login test is going on
2023-05-13 17:35:41 INFO  Log:38 - My test case might be failed
2023-05-13 17:39:34 INFO  Log:18 - **********************************
2023-05-13 17:39:34 INFO  Log:19 - *****************************************
2023-05-13 17:39:34 INFO  Log:20 - ############   This is beginning of test case ################
2023-05-13 17:39:34 INFO  Log:21 - **********************************
2023-05-13 17:39:34 INFO  Log:22 - *****************************************
2023-05-13 17:39:34 INFO  Log:35 - My login test is going on
2023-05-13 17:39:34 INFO  Log:38 - My test case might be failed
2023-05-13 17:43:30 INFO  Log:18 - **********************************
2023-05-13 17:43:30 INFO  Log:19 - *****************************************
2023-05-13 17:43:30 INFO  Log:20 - ############   This is beginning of test case ################
2023-05-13 17:43:30 INFO  Log:21 - **********************************
2023-05-13 17:43:30 INFO  Log:22 - *****************************************
2023-05-13 17:43:30 INFO  Log:35 - My login test is going on
2023-05-13 17:43:30 INFO  Log:38 - My test case might be failed
2023-05-13 17:45:52 INFO  Log:18 - **********************************
2023-05-13 17:45:52 INFO  Log:19 - *****************************************
2023-05-13 17:45:52 INFO  Log:20 - ############   This is beginning of test case ################
2023-05-13 17:45:52 INFO  Log:21 - **********************************
2023-05-13 17:45:52 INFO  Log:22 - *****************************************
2023-05-13 17:45:52 INFO  Log:35 - My login test is going on
2023-05-13 17:45:52 INFO  Log:38 - My test case might be failed
2023-05-13 17:48:11 INFO  Log:18 - **********************************
2023-05-13 17:48:11 INFO  Log:19 - *****************************************
2023-05-13 17:48:11 INFO  Log:20 - ############   This is beginning of test case ################
2023-05-13 17:48:11 INFO  Log:21 - **********************************
2023-05-13 17:48:11 INFO  Log:22 - *****************************************
2023-05-13 17:48:11 INFO  Log:35 - My login test is going on
2023-05-13 17:48:11 INFO  Log:38 - My test case might be failed
2023-05-13 17:49:24 INFO  Log:18 - **********************************
2023-05-13 17:49:24 INFO  Log:19 - *****************************************
2023-05-13 17:49:24 INFO  Log:20 - ############   This is beginning of test case ################
2023-05-13 17:49:24 INFO  Log:21 - **********************************
2023-05-13 17:49:24 INFO  Log:22 - *****************************************
2023-05-13 17:49:24 INFO  Log:35 - My login test is going on
2023-05-13 17:49:24 INFO  Log:38 - My test case might be failed
2023-05-13 17:50:40 INFO  Log:18 - **********************************
2023-05-13 17:50:40 INFO  Log:19 - *****************************************
2023-05-13 17:50:40 INFO  Log:20 - ############   This is beginning of test case ################
2023-05-13 17:50:40 INFO  Log:21 - **********************************
2023-05-13 17:50:40 INFO  Log:22 - *****************************************
2023-05-13 17:50:40 INFO  Log:35 - My login test is going on
2023-05-13 17:50:40 INFO  Log:38 - My test case might be failed
2023-05-13 17:53:04 INFO  Log:18 - **********************************
2023-05-13 17:53:04 INFO  Log:19 - *****************************************
2023-05-13 17:53:04 INFO  Log:20 - ############   This is beginning of test case ################
2023-05-13 17:53:04 INFO  Log:21 - **********************************
2023-05-13 17:53:04 INFO  Log:22 - *****************************************
2023-05-13 17:53:04 INFO  Log:35 - My login test is going on
2023-05-13 17:53:04 INFO  Log:38 - My test case might be failed
2023-05-13 17:54:37 INFO  Log:18 - **********************************
2023-05-13 17:54:37 INFO  Log:19 - *****************************************
2023-05-13 17:54:37 INFO  Log:20 - ############   This is beginning of test case ################
2023-05-13 17:54:37 INFO  Log:21 - **********************************
2023-05-13 17:54:37 INFO  Log:22 - *****************************************
2023-05-13 17:54:37 INFO  Log:35 - My login test is going on
2023-05-13 17:54:37 INFO  Log:38 - My test case might be failed
2023-05-13 18:02:28 INFO  Log:18 - **********************************
2023-05-13 18:02:28 INFO  Log:19 - *****************************************
2023-05-13 18:02:28 INFO  Log:20 - ############   This is beginning of test case ################
2023-05-13 18:02:28 INFO  Log:21 - **********************************
2023-05-13 18:02:28 INFO  Log:22 - *****************************************
2023-05-13 18:02:28 INFO  Log:35 - My login test is going on
2023-05-13 18:02:28 INFO  Log:38 - My test case might be failed
2023-05-14 11:47:11 INFO  Log:18 - **********************************
2023-05-14 11:47:11 INFO  Log:19 - *****************************************
2023-05-14 11:47:11 INFO  Log:20 - ############   This is beginning of test case ################
2023-05-14 11:47:11 INFO  Log:21 - **********************************
2023-05-14 11:47:11 INFO  Log:22 - *****************************************
2023-05-14 11:47:11 INFO  Log:35 - My login test is going on
2023-05-14 11:47:11 INFO  Log:38 - My test case might be failed
2023-05-14 11:47:19 INFO  Log:35 - My test case is about to complete
2023-05-14 11:47:19 INFO  Log:26 - ##################################
2023-05-14 11:47:19 INFO  Log:27 - ##########################################
2023-05-14 11:47:19 INFO  Log:28 - ############   This test case is finished ################
2023-05-14 11:47:19 INFO  Log:29 - ##########################
2023-05-14 11:47:19 INFO  Log:30 - ##########################################
2023-05-27 15:47:17 INFO  Log:18 - **********************************
2023-05-27 15:47:17 INFO  Log:19 - *****************************************
2023-05-27 15:47:17 INFO  Log:20 - ############   This is beginning of test case ################
2023-05-27 15:47:17 INFO  Log:21 - **********************************
2023-05-27 15:47:17 INFO  Log:22 - *****************************************
2023-05-27 15:47:17 INFO  Log:35 - My login test is going on
2023-05-27 15:47:17 INFO  Log:38 - My test case might be failed
2023-05-27 15:47:19 INFO  Log:35 - My test case is about to complete
2023-05-27 15:47:19 INFO  Log:26 - ##################################
2023-05-27 15:47:19 INFO  Log:27 - ##########################################
2023-05-27 15:47:19 INFO  Log:28 - ############   This test case is finished ################
2023-05-27 15:47:19 INFO  Log:29 - ##########################
2023-05-27 15:47:19 INFO  Log:30 - ##########################################
2023-05-27 15:49:15 INFO  Log:18 - **********************************
2023-05-27 15:49:15 INFO  Log:19 - *****************************************
2023-05-27 15:49:15 INFO  Log:20 - ############   This is beginning of test case ################
2023-05-27 15:49:15 INFO  Log:21 - **********************************
2023-05-27 15:49:15 INFO  Log:22 - *****************************************
2023-05-27 15:49:15 INFO  Log:35 - My login test is going on
2023-05-27 15:49:15 INFO  Log:38 - My test case might be failed
2023-05-27 15:49:17 INFO  Log:35 - My test case is about to complete
2023-05-27 15:49:17 INFO  Log:26 - ##################################
2023-05-27 15:49:17 INFO  Log:27 - ##########################################
2023-05-27 15:49:17 INFO  Log:28 - ############   This test case is finished ################
2023-05-27 15:49:17 INFO  Log:29 - ##########################
2023-05-27 15:49:17 INFO  Log:30 - ##########################################
2023-05-28 11:06:17 INFO  Log:18 - **********************************
2023-05-28 11:06:17 INFO  Log:19 - *****************************************
2023-05-28 11:06:17 INFO  Log:20 - ############   This is beginning of test case ################
2023-05-28 11:06:17 INFO  Log:21 - **********************************
2023-05-28 11:06:17 INFO  Log:22 - *****************************************
2023-05-28 11:06:17 INFO  Log:35 - My login test is going on
2023-05-28 11:06:17 INFO  Log:38 - My test case might be failed
2023-05-28 11:06:20 INFO  Log:35 - My test case is about to complete
2023-05-28 11:06:20 INFO  Log:26 - ##################################
2023-05-28 11:06:20 INFO  Log:27 - ##########################################
2023-05-28 11:06:20 INFO  Log:28 - ############   This test case is finished ################
2023-05-28 11:06:20 INFO  Log:29 - ##########################
2023-05-28 11:06:20 INFO  Log:30 - ##########################################
2023-05-28 11:06:22 INFO  Log:18 - **********************************
2023-05-28 11:06:22 INFO  Log:19 - *****************************************
2023-05-28 11:06:22 INFO  Log:20 - ############   This is beginning of test case ################
2023-05-28 11:06:22 INFO  Log:21 - **********************************
2023-05-28 11:06:22 INFO  Log:22 - *****************************************
2023-05-28 11:06:22 INFO  Log:35 - My login test is going on
2023-05-28 11:06:22 INFO  Log:38 - My test case might be failed
2023-05-28 11:06:22 INFO  Log:35 - My test case is about to complete
2023-05-28 11:06:22 INFO  Log:26 - ##################################
2023-05-28 11:06:22 INFO  Log:27 - ##########################################
2023-05-28 11:06:22 INFO  Log:28 - ############   This test case is finished ################
2023-05-28 11:06:22 INFO  Log:29 - ##########################
2023-05-28 11:06:22 INFO  Log:30 - ##########################################
2023-05-28 11:06:24 INFO  Log:18 - **********************************
2023-05-28 11:06:24 INFO  Log:19 - *****************************************
2023-05-28 11:06:24 INFO  Log:20 - ############   This is beginning of test case ################
2023-05-28 11:06:24 INFO  Log:21 - **********************************
2023-05-28 11:06:24 INFO  Log:22 - *****************************************
2023-05-28 11:06:24 INFO  Log:35 - My login test is going on
2023-05-28 11:06:24 INFO  Log:38 - My test case might be failed
2023-05-28 11:06:25 INFO  Log:35 - My test case is about to complete
2023-05-28 11:06:25 INFO  Log:26 - ##################################
2023-05-28 11:06:25 INFO  Log:27 - ##########################################
2023-05-28 11:06:25 INFO  Log:28 - ############   This test case is finished ################
2023-05-28 11:06:25 INFO  Log:29 - ##########################
2023-05-28 11:06:25 INFO  Log:30 - ##########################################
2023-05-29 11:49:00 INFO  Log:18 - **********************************
2023-05-29 11:49:00 INFO  Log:19 - *****************************************
2023-05-29 11:49:00 INFO  Log:20 - ############   This is beginning of test case ################
2023-05-29 11:49:00 INFO  Log:21 - **********************************
2023-05-29 11:49:00 INFO  Log:22 - *****************************************
2023-05-29 11:49:00 INFO  Log:35 - My login test is going on
2023-05-29 11:49:00 INFO  Log:38 - My test case might be failed
2023-05-29 11:49:10 INFO  Log:35 - My test case is about to complete
2023-05-29 11:49:10 INFO  Log:26 - ##################################
2023-05-29 11:49:10 INFO  Log:27 - ##########################################
2023-05-29 11:49:10 INFO  Log:28 - ############   This test case is finished ################
2023-05-29 11:49:10 INFO  Log:29 - ##########################
2023-05-29 11:49:10 INFO  Log:30 - ##########################################
2023-05-29 11:58:57 INFO  Log:18 - **********************************
2023-05-29 11:58:57 INFO  Log:19 - *****************************************
2023-05-29 11:58:57 INFO  Log:20 - ############   This is beginning of test case ################
2023-05-29 11:58:57 INFO  Log:21 - **********************************
2023-05-29 11:58:57 INFO  Log:22 - *****************************************
2023-05-29 11:58:57 INFO  Log:35 - My login test is going on
2023-05-29 11:58:57 INFO  Log:38 - My test case might be failed
2023-05-29 11:59:03 INFO  Log:35 - My test case is about to complete
2023-05-29 11:59:03 INFO  Log:26 - ##################################
2023-05-29 11:59:03 INFO  Log:27 - ##########################################
2023-05-29 11:59:03 INFO  Log:28 - ############   This test case is finished ################
2023-05-29 11:59:03 INFO  Log:29 - ##########################
2023-05-29 11:59:03 INFO  Log:30 - ##########################################
2023-05-29 12:01:57 INFO  Log:18 - **********************************
2023-05-29 12:01:57 INFO  Log:19 - *****************************************
2023-05-29 12:01:57 INFO  Log:20 - ############   This is beginning of test case ################
2023-05-29 12:01:57 INFO  Log:21 - **********************************
2023-05-29 12:01:57 INFO  Log:22 - *****************************************
2023-05-29 12:01:57 INFO  Log:35 - My login test is going on
2023-05-29 12:01:57 INFO  Log:38 - My test case might be failed
2023-05-29 12:02:00 INFO  Log:35 - My test case is about to complete
2023-05-29 12:02:00 INFO  Log:26 - ##################################
2023-05-29 12:02:00 INFO  Log:27 - ##########################################
2023-05-29 12:02:00 INFO  Log:28 - ############   This test case is finished ################
2023-05-29 12:02:00 INFO  Log:29 - ##########################
2023-05-29 12:02:00 INFO  Log:30 - ##########################################
2023-05-29 12:05:29 INFO  Log:18 - **********************************
2023-05-29 12:05:29 INFO  Log:19 - *****************************************
2023-05-29 12:05:29 INFO  Log:20 - ############   This is beginning of test case ################
2023-05-29 12:05:29 INFO  Log:21 - **********************************
2023-05-29 12:05:29 INFO  Log:22 - *****************************************
2023-05-29 12:05:29 INFO  Log:35 - My login test is going on
2023-05-29 12:05:29 INFO  Log:38 - My test case might be failed
2023-05-29 12:05:35 INFO  Log:35 - My test case is about to complete
2023-05-29 12:05:35 INFO  Log:26 - ##################################
2023-05-29 12:05:35 INFO  Log:27 - ##########################################
2023-05-29 12:05:35 INFO  Log:28 - ############   This test case is finished ################
2023-05-29 12:05:35 INFO  Log:29 - ##########################
2023-05-29 12:05:35 INFO  Log:30 - ##########################################
2023-05-29 12:08:38 INFO  Log:18 - **********************************
2023-05-29 12:08:38 INFO  Log:19 - *****************************************
2023-05-29 12:08:38 INFO  Log:20 - ############   This is beginning of test case ################
2023-05-29 12:08:38 INFO  Log:21 - **********************************
2023-05-29 12:08:38 INFO  Log:22 - *****************************************
2023-05-29 12:08:38 INFO  Log:35 - My login test is going on
2023-05-29 12:08:38 INFO  Log:38 - My test case might be failed
2023-05-29 12:08:44 INFO  Log:35 - My test case is about to complete
2023-05-29 12:08:44 INFO  Log:26 - ##################################
2023-05-29 12:08:44 INFO  Log:27 - ##########################################
2023-05-29 12:08:44 INFO  Log:28 - ############   This test case is finished ################
2023-05-29 12:08:44 INFO  Log:29 - ##########################
2023-05-29 12:08:44 INFO  Log:30 - ##########################################
2023-05-30 10:00:37 INFO  Log:18 - **********************************
2023-05-30 10:00:37 INFO  Log:19 - *****************************************
2023-05-30 10:00:37 INFO  Log:20 - ############   This is beginning of test case ################
2023-05-30 10:00:37 INFO  Log:21 - **********************************
2023-05-30 10:00:37 INFO  Log:22 - *****************************************
2023-05-30 10:00:37 INFO  Log:35 - My login test is going on
2023-05-30 10:00:37 INFO  Log:38 - My test case might be failed
2023-05-30 10:00:44 INFO  Log:35 - My test case is about to complete
2023-05-30 10:00:44 INFO  Log:26 - ##################################
2023-05-30 10:00:44 INFO  Log:27 - ##########################################
2023-05-30 10:00:44 INFO  Log:28 - ############   This test case is finished ################
2023-05-30 10:00:44 INFO  Log:29 - ##########################
2023-05-30 10:00:44 INFO  Log:30 - ##########################################
2023-05-30 10:05:11 INFO  Log:18 - **********************************
2023-05-30 10:05:11 INFO  Log:19 - *****************************************
2023-05-30 10:05:11 INFO  Log:20 - ############   This is beginning of test case ################
2023-05-30 10:05:11 INFO  Log:21 - **********************************
2023-05-30 10:05:11 INFO  Log:22 - *****************************************
2023-05-30 10:05:11 INFO  Log:35 - My login test is going on
2023-05-30 10:05:11 INFO  Log:38 - My test case might be failed
2023-05-30 10:05:15 INFO  Log:35 - My test case is about to complete
2023-05-30 10:05:15 INFO  Log:26 - ##################################
2023-05-30 10:05:15 INFO  Log:27 - ##########################################
2023-05-30 10:05:15 INFO  Log:28 - ############   This test case is finished ################
2023-05-30 10:05:15 INFO  Log:29 - ##########################
2023-05-30 10:05:15 INFO  Log:30 - ##########################################
2023-05-30 10:07:29 INFO  Log:18 - **********************************
2023-05-30 10:07:29 INFO  Log:19 - *****************************************
2023-05-30 10:07:29 INFO  Log:20 - ############   This is beginning of test case ################
2023-05-30 10:07:29 INFO  Log:21 - **********************************
2023-05-30 10:07:29 INFO  Log:22 - *****************************************
2023-05-30 10:07:29 INFO  Log:35 - My login test is going on
2023-05-30 10:07:29 INFO  Log:38 - My test case might be failed
2023-05-30 10:07:36 INFO  Log:35 - My test case is about to complete
2023-05-30 10:07:36 INFO  Log:26 - ##################################
2023-05-30 10:07:36 INFO  Log:27 - ##########################################
2023-05-30 10:07:36 INFO  Log:28 - ############   This test case is finished ################
2023-05-30 10:07:36 INFO  Log:29 - ##########################
2023-05-30 10:07:36 INFO  Log:30 - ##########################################
2023-05-30 10:09:22 INFO  Log:18 - **********************************
2023-05-30 10:09:22 INFO  Log:19 - *****************************************
2023-05-30 10:09:22 INFO  Log:20 - ############   This is beginning of test case ################
2023-05-30 10:09:22 INFO  Log:21 - **********************************
2023-05-30 10:09:22 INFO  Log:22 - *****************************************
2023-05-30 10:09:22 INFO  Log:35 - My login test is going on
2023-05-30 10:09:22 INFO  Log:38 - My test case might be failed
2023-05-30 10:09:28 INFO  Log:35 - My test case is about to complete
2023-05-30 10:09:28 INFO  Log:26 - ##################################
2023-05-30 10:09:28 INFO  Log:27 - ##########################################
2023-05-30 10:09:28 INFO  Log:28 - ############   This test case is finished ################
2023-05-30 10:09:28 INFO  Log:29 - ##########################
2023-05-30 10:09:28 INFO  Log:30 - ##########################################
2023-05-30 16:45:22 INFO  Log:18 - **********************************
2023-05-30 16:45:22 INFO  Log:19 - *****************************************
2023-05-30 16:45:22 INFO  Log:20 - ############   This is beginning of test case ################
2023-05-30 16:45:22 INFO  Log:21 - **********************************
2023-05-30 16:45:22 INFO  Log:22 - *****************************************
2023-05-30 16:45:22 INFO  Log:35 - My login test is going on
2023-05-30 16:45:22 INFO  Log:38 - My test case might be failed
2023-05-30 16:45:31 INFO  Log:35 - My test case is about to complete
2023-05-30 16:45:31 INFO  Log:26 - ##################################
2023-05-30 16:45:31 INFO  Log:27 - ##########################################
2023-05-30 16:45:31 INFO  Log:28 - ############   This test case is finished ################
2023-05-30 16:45:31 INFO  Log:29 - ##########################
2023-05-30 16:45:31 INFO  Log:30 - ##########################################
2023-05-31 14:23:10 INFO  Log:18 - **********************************
2023-05-31 14:23:10 INFO  Log:19 - *****************************************
2023-05-31 14:23:10 INFO  Log:20 - ############   This is beginning of test case ################
2023-05-31 14:23:10 INFO  Log:21 - **********************************
2023-05-31 14:23:10 INFO  Log:22 - *****************************************
2023-05-31 14:23:10 INFO  Log:35 - My login test is going on
2023-05-31 14:23:10 INFO  Log:38 - My test case might be failed
2023-05-31 14:23:18 INFO  Log:35 - My test case is about to complete
2023-05-31 14:23:18 INFO  Log:26 - ##################################
2023-05-31 14:23:18 INFO  Log:27 - ##########################################
2023-05-31 14:23:18 INFO  Log:28 - ############   This test case is finished ################
2023-05-31 14:23:18 INFO  Log:29 - ##########################
2023-05-31 14:23:18 INFO  Log:30 - ##########################################
